#
# There is insufficient memory for the Java Runtime Environment to continue.
# Native memory allocation (malloc) failed to allocate 172320 bytes. Error detail: Chunk::new
# Possible reasons:
#   The system is out of physical RAM or swap space
#   This process is running with CompressedOops enabled, and the Java Heap may be blocking the growth of the native heap
# Possible solutions:
#   Reduce memory load on the system
#   Increase physical memory or swap space
#   Check if swap backing store is full
#   Decrease Java heap size (-Xmx/-Xms)
#   Decrease number of Java threads
#   Decrease Java thread stack sizes (-Xss)
#   Set larger code cache with -XX:ReservedCodeCacheSize=
#   JVM is running with Unscaled Compressed Oops mode in which the Java heap is
#     placed in the first 4GB address space. The Java Heap base address is the
#     maximum limit for the native heap growth. Please use -XX:HeapBaseMinAddress
#     to set the Java Heap base and to place the Java Heap above 4GB virtual address.
# This output file may be truncated or incomplete.
#
#  Out of Memory Error (arena.cpp:168), pid=29920, tid=31512
#
# JRE version: OpenJDK Runtime Environment (21.0.5) (build 21.0.5+-13047016-b750.29)
# Java VM: OpenJDK 64-Bit Server VM (21.0.5+-13047016-b750.29, mixed mode, tiered, compressed oops, compressed class ptrs, g1 gc, windows-amd64)
# No core dump will be written. Minidumps are not enabled by default on client versions of Windows
#

---------------  S U M M A R Y ------------

Command Line: --add-opens=java.base/java.lang=ALL-UNNAMED --add-opens=java.base/java.lang.invoke=ALL-UNNAMED --add-opens=java.base/java.util=ALL-UNNAMED --add-opens=java.prefs/java.util.prefs=ALL-UNNAMED --add-exports=jdk.compiler/com.sun.tools.javac.api=ALL-UNNAMED --add-exports=jdk.compiler/com.sun.tools.javac.util=ALL-UNNAMED --add-opens=java.base/java.util=ALL-UNNAMED --add-opens=java.prefs/java.util.prefs=ALL-UNNAMED --add-opens=java.base/java.nio.charset=ALL-UNNAMED --add-opens=java.base/java.net=ALL-UNNAMED --add-opens=java.base/java.util.concurrent.atomic=ALL-UNNAMED --add-opens=java.xml/javax.xml.namespace=ALL-UNNAMED -Xmx2048m -Dfile.encoding=UTF-8 -Duser.country=BR -Duser.language=pt -Duser.variant -javaagent:C:\Users\diana\.gradle\wrapper\dists\gradle-8.11.1-bin\bpt9gzteqjrbo1mjrsomdt32c\gradle-8.11.1\lib\agents\gradle-instrumentation-agent-8.11.1.jar org.gradle.launcher.daemon.bootstrap.GradleDaemon 8.11.1

Host: Intel(R) Core(TM) i5-10300H CPU @ 2.50GHz, 8 cores, 15G,  Windows 11 , 64 bit Build 22621 (10.0.22621.5413)
Time: Sun Jun  1 15:19:02 2025 Hora oficial do Brasil elapsed time: 12.054306 seconds (0d 0h 0m 12s)

---------------  T H R E A D  ---------------

Current thread (0x00000263d783a6f0):  JavaThread "C2 CompilerThread0" daemon [_thread_in_native, id=31512, stack(0x000000db53d00000,0x000000db53e00000) (1024K)]


Current CompileTask:
C2:12054 3097       4       java.lang.Class::getPackageName (81 bytes)

Stack: [0x000000db53d00000,0x000000db53e00000]
Native frames: (J=compiled Java code, j=interpreted, Vv=VM code, C=native code)
V  [jvm.dll+0x6cfb29]
V  [jvm.dll+0x85df93]
V  [jvm.dll+0x8604ee]
V  [jvm.dll+0x860bd3]
V  [jvm.dll+0x27e6b6]
V  [jvm.dll+0xbff6d]
V  [jvm.dll+0xc04a3]
V  [jvm.dll+0x3b5ffb]
V  [jvm.dll+0x381f97]
V  [jvm.dll+0x38140a]
V  [jvm.dll+0x247c62]
V  [jvm.dll+0x247231]
V  [jvm.dll+0x1c5ee4]
V  [jvm.dll+0x25697c]
V  [jvm.dll+0x254ec6]
V  [jvm.dll+0x3f0ce6]
V  [jvm.dll+0x806368]
V  [jvm.dll+0x6ce3fd]
C  [ucrtbase.dll+0x29333]
C  [KERNEL32.DLL+0x1259d]
C  [ntdll.dll+0x5af78]


---------------  P R O C E S S  ---------------

Threads class SMR info:
_java_thread_list=0x00000263d7a43980, length=25, elements={
0x00000263bff2ca70, 0x00000263d7858040, 0x00000263d7859e60, 0x00000263d785cb80,
0x00000263d785d890, 0x00000263d785e2e0, 0x00000263d7839970, 0x00000263d783a6f0,
0x00000263d783ba50, 0x00000263d794c440, 0x00000263dc0d2230, 0x00000263ddaf29a0,
0x00000263ddae40b0, 0x00000263ddaf15c0, 0x00000263ddc79af0, 0x00000263ddc72f80,
0x00000263dd9f85f0, 0x00000263dd9f8c50, 0x00000263dd9f4940, 0x00000263dd940f00,
0x00000263dd942fd0, 0x00000263dd943660, 0x00000263dd940870, 0x00000263dd941c20,
0x00000263dd943cf0
}

Java Threads: ( => current thread )
  0x00000263bff2ca70 JavaThread "main"                              [_thread_blocked, id=28992, stack(0x000000db52f00000,0x000000db53000000) (1024K)]
  0x00000263d7858040 JavaThread "Reference Handler"          daemon [_thread_blocked, id=3608, stack(0x000000db53700000,0x000000db53800000) (1024K)]
  0x00000263d7859e60 JavaThread "Finalizer"                  daemon [_thread_blocked, id=30612, stack(0x000000db53800000,0x000000db53900000) (1024K)]
  0x00000263d785cb80 JavaThread "Signal Dispatcher"          daemon [_thread_blocked, id=2748, stack(0x000000db53900000,0x000000db53a00000) (1024K)]
  0x00000263d785d890 JavaThread "Attach Listener"            daemon [_thread_blocked, id=5464, stack(0x000000db53a00000,0x000000db53b00000) (1024K)]
  0x00000263d785e2e0 JavaThread "Service Thread"             daemon [_thread_blocked, id=30860, stack(0x000000db53b00000,0x000000db53c00000) (1024K)]
  0x00000263d7839970 JavaThread "Monitor Deflation Thread"   daemon [_thread_blocked, id=30180, stack(0x000000db53c00000,0x000000db53d00000) (1024K)]
=>0x00000263d783a6f0 JavaThread "C2 CompilerThread0"         daemon [_thread_in_native, id=31512, stack(0x000000db53d00000,0x000000db53e00000) (1024K)]
  0x00000263d783ba50 JavaThread "C1 CompilerThread0"         daemon [_thread_blocked, id=25348, stack(0x000000db53e00000,0x000000db53f00000) (1024K)]
  0x00000263d794c440 JavaThread "Common-Cleaner"             daemon [_thread_blocked, id=30880, stack(0x000000db53f00000,0x000000db54000000) (1024K)]
  0x00000263dc0d2230 JavaThread "Notification Thread"        daemon [_thread_blocked, id=15984, stack(0x000000db54000000,0x000000db54100000) (1024K)]
  0x00000263ddaf29a0 JavaThread "Daemon health stats"               [_thread_blocked, id=17524, stack(0x000000db54800000,0x000000db54900000) (1024K)]
  0x00000263ddae40b0 JavaThread "Incoming local TCP Connector on port 50465"        [_thread_in_native, id=29004, stack(0x000000db54200000,0x000000db54300000) (1024K)]
  0x00000263ddaf15c0 JavaThread "Daemon periodic checks"            [_thread_blocked, id=7060, stack(0x000000db54900000,0x000000db54a00000) (1024K)]
  0x00000263ddc79af0 JavaThread "Daemon"                            [_thread_blocked, id=23388, stack(0x000000db54a00000,0x000000db54b00000) (1024K)]
  0x00000263ddc72f80 JavaThread "Handler for socket connection from /127.0.0.1:50465 to /127.0.0.1:50466"        [_thread_in_native, id=31672, stack(0x000000db54b00000,0x000000db54c00000) (1024K)]
  0x00000263dd9f85f0 JavaThread "Cancel handler"                    [_thread_blocked, id=29504, stack(0x000000db54c00000,0x000000db54d00000) (1024K)]
  0x00000263dd9f8c50 JavaThread "Daemon worker"                     [_thread_in_native, id=26304, stack(0x000000db54d00000,0x000000db54e00000) (1024K)]
  0x00000263dd9f4940 JavaThread "Asynchronous log dispatcher for DefaultDaemonConnection: socket connection from /127.0.0.1:50465 to /127.0.0.1:50466"        [_thread_blocked, id=24340, stack(0x000000db54e00000,0x000000db54f00000) (1024K)]
  0x00000263dd940f00 JavaThread "Stdin handler"                     [_thread_blocked, id=8080, stack(0x000000db54f00000,0x000000db55000000) (1024K)]
  0x00000263dd942fd0 JavaThread "Daemon client event forwarder"        [_thread_blocked, id=2724, stack(0x000000db55000000,0x000000db55100000) (1024K)]
  0x00000263dd943660 JavaThread "Cache worker for journal cache (C:\Users\diana\.gradle\caches\journal-1)"        [_thread_blocked, id=18896, stack(0x000000db55300000,0x000000db55400000) (1024K)]
  0x00000263dd940870 JavaThread "File lock request listener"        [_thread_in_native, id=11164, stack(0x000000db55400000,0x000000db55500000) (1024K)]
  0x00000263dd941c20 JavaThread "Cache worker for file hash cache (C:\Users\diana\.gradle\caches\8.11.1\fileHashes)"        [_thread_blocked, id=15352, stack(0x000000db55500000,0x000000db55600000) (1024K)]
  0x00000263dd943cf0 JavaThread "Cache worker for file content cache (C:\Users\diana\.gradle\caches\8.11.1\fileContent)"        [_thread_blocked, id=6732, stack(0x000000db55600000,0x000000db55700000) (1024K)]
Total: 25

Other Threads:
  0x00000263d77e9fa0 VMThread "VM Thread"                           [id=8160, stack(0x000000db53600000,0x000000db53700000) (1024K)]
  0x00000263d7636680 WatcherThread "VM Periodic Task Thread"        [id=31476, stack(0x000000db53500000,0x000000db53600000) (1024K)]
  0x00000263bff86510 WorkerThread "GC Thread#0"                     [id=29628, stack(0x000000db53000000,0x000000db53100000) (1024K)]
  0x00000263dc27ce00 WorkerThread "GC Thread#1"                     [id=31176, stack(0x000000db54300000,0x000000db54400000) (1024K)]
  0x00000263dc620d50 WorkerThread "GC Thread#2"                     [id=11548, stack(0x000000db54400000,0x000000db54500000) (1024K)]
  0x00000263dc42e1d0 WorkerThread "GC Thread#3"                     [id=17292, stack(0x000000db54500000,0x000000db54600000) (1024K)]
  0x00000263dc42e570 WorkerThread "GC Thread#4"                     [id=29476, stack(0x000000db54600000,0x000000db54700000) (1024K)]
  0x00000263dc546260 WorkerThread "GC Thread#5"                     [id=3676, stack(0x000000db54700000,0x000000db54800000) (1024K)]
  0x00000263dd917460 WorkerThread "GC Thread#6"                     [id=3768, stack(0x000000db54100000,0x000000db54200000) (1024K)]
  0x00000263dd9f3ba0 WorkerThread "GC Thread#7"                     [id=18476, stack(0x000000db55100000,0x000000db55200000) (1024K)]
  0x00000263bff97400 ConcurrentGCThread "G1 Main Marker"            [id=1180, stack(0x000000db53100000,0x000000db53200000) (1024K)]
  0x00000263bff97e10 WorkerThread "G1 Conc#0"                       [id=5800, stack(0x000000db53200000,0x000000db53300000) (1024K)]
  0x00000263dd9f3460 WorkerThread "G1 Conc#1"                       [id=7892, stack(0x000000db55200000,0x000000db55300000) (1024K)]
  0x00000263d7509ad0 ConcurrentGCThread "G1 Refine#0"               [id=7792, stack(0x000000db53300000,0x000000db53400000) (1024K)]
  0x00000263d750a6c0 ConcurrentGCThread "G1 Service"                [id=8004, stack(0x000000db53400000,0x000000db53500000) (1024K)]
Total: 15

Threads with active compile tasks:
C2 CompilerThread0  12136 3097       4       java.lang.Class::getPackageName (81 bytes)
Total: 1

VM state: not at safepoint (normal execution)

VM Mutex/Monitor currently owned by a thread: None

Heap address: 0x0000000080000000, size: 2048 MB, Compressed Oops mode: 32-bit

CDS archive(s) not mapped
Compressed class space mapped at: 0x0000000100000000-0x0000000140000000, reserved size: 1073741824
Narrow klass base: 0x0000000000000000, Narrow klass shift: 3, Narrow klass range: 0x140000000

GC Precious Log:
 CardTable entry size: 512
 Card Set container configuration: InlinePtr #cards 5 size 8 Array Of Cards #cards 12 size 40 Howl #buckets 4 coarsen threshold 1843 Howl Bitmap #cards 512 size 80 coarsen threshold 460 Card regions per heap region 1 cards per card region 2048
 CPUs: 8 total, 8 available
 Memory: 16177M
 Large Page Support: Disabled
 NUMA Support: Disabled
 Compressed Oops: Enabled (32-bit)
 Heap Region Size: 1M
 Heap Min Capacity: 8M
 Heap Initial Capacity: 254M
 Heap Max Capacity: 2G
 Pre-touch: Disabled
 Parallel Workers: 8
 Concurrent Workers: 2
 Concurrent Refinement Workers: 8
 Periodic GC: Disabled

Heap:
 garbage-first heap   total 82944K, used 36791K [0x0000000080000000, 0x0000000100000000)
  region size 1024K, 25 young (25600K), 11 survivors (11264K)
 Metaspace       used 31076K, committed 31808K, reserved 1114112K
  class space    used 4022K, committed 4352K, reserved 1048576K

Heap Regions: E=young(eden), S=young(survivor), O=old, HS=humongous(starts), HC=humongous(continues), CS=collection set, F=free, TAMS=top-at-mark-start, PB=parsable bottom
|   0|0x0000000080000000, 0x0000000080100000, 0x0000000080100000|100%| O|  |TAMS 0x0000000080000000| PB 0x0000000080000000| Untracked 
|   1|0x0000000080100000, 0x0000000080200000, 0x0000000080200000|100%|HS|  |TAMS 0x0000000080100000| PB 0x0000000080100000| Complete 
|   2|0x0000000080200000, 0x0000000080300000, 0x0000000080300000|100%|HC|  |TAMS 0x0000000080200000| PB 0x0000000080200000| Complete 
|   3|0x0000000080300000, 0x0000000080400000, 0x0000000080400000|100%|HC|  |TAMS 0x0000000080300000| PB 0x0000000080300000| Complete 
|   4|0x0000000080400000, 0x0000000080500000, 0x0000000080500000|100%| O|Cm|TAMS 0x0000000080400000| PB 0x0000000080400000| Complete 
|   5|0x0000000080500000, 0x0000000080600000, 0x0000000080600000|100%| O|  |TAMS 0x0000000080500000| PB 0x0000000080500000| Untracked 
|   6|0x0000000080600000, 0x0000000080700000, 0x0000000080700000|100%| O|  |TAMS 0x0000000080600000| PB 0x0000000080600000| Untracked 
|   7|0x0000000080700000, 0x0000000080800000, 0x0000000080800000|100%|HS|  |TAMS 0x0000000080700000| PB 0x0000000080700000| Complete 
|   8|0x0000000080800000, 0x0000000080800000, 0x0000000080900000|  0%| F|  |TAMS 0x0000000080800000| PB 0x0000000080800000| Untracked 
|   9|0x0000000080900000, 0x0000000080a00000, 0x0000000080a00000|100%| O|  |TAMS 0x0000000080900000| PB 0x0000000080900000| Untracked 
|  10|0x0000000080a00000, 0x0000000080b00000, 0x0000000080b00000|100%| O|  |TAMS 0x0000000080a00000| PB 0x0000000080a00000| Untracked 
|  11|0x0000000080b00000, 0x0000000080c00000, 0x0000000080c00000|100%| O|  |TAMS 0x0000000080b00000| PB 0x0000000080b00000| Untracked 
|  12|0x0000000080c00000, 0x0000000080d00000, 0x0000000080d00000|100%| O|  |TAMS 0x0000000080c00000| PB 0x0000000080c00000| Untracked 
|  13|0x0000000080d00000, 0x0000000080d00000, 0x0000000080e00000|  0%| F|  |TAMS 0x0000000080d00000| PB 0x0000000080d00000| Untracked 
|  14|0x0000000080e00000, 0x0000000080e00000, 0x0000000080f00000|  0%| F|  |TAMS 0x0000000080e00000| PB 0x0000000080e00000| Untracked 
|  15|0x0000000080f00000, 0x0000000080f00000, 0x0000000081000000|  0%| F|  |TAMS 0x0000000080f00000| PB 0x0000000080f00000| Untracked 
|  16|0x0000000081000000, 0x0000000081000000, 0x0000000081100000|  0%| F|  |TAMS 0x0000000081000000| PB 0x0000000081000000| Untracked 
|  17|0x0000000081100000, 0x0000000081100000, 0x0000000081200000|  0%| F|  |TAMS 0x0000000081100000| PB 0x0000000081100000| Untracked 
|  18|0x0000000081200000, 0x0000000081200000, 0x0000000081300000|  0%| F|  |TAMS 0x0000000081200000| PB 0x0000000081200000| Untracked 
|  19|0x0000000081300000, 0x0000000081300000, 0x0000000081400000|  0%| F|  |TAMS 0x0000000081300000| PB 0x0000000081300000| Untracked 
|  20|0x0000000081400000, 0x0000000081400000, 0x0000000081500000|  0%| F|  |TAMS 0x0000000081400000| PB 0x0000000081400000| Untracked 
|  21|0x0000000081500000, 0x0000000081500000, 0x0000000081600000|  0%| F|  |TAMS 0x0000000081500000| PB 0x0000000081500000| Untracked 
|  22|0x0000000081600000, 0x0000000081600000, 0x0000000081700000|  0%| F|  |TAMS 0x0000000081600000| PB 0x0000000081600000| Untracked 
|  23|0x0000000081700000, 0x0000000081700000, 0x0000000081800000|  0%| F|  |TAMS 0x0000000081700000| PB 0x0000000081700000| Untracked 
|  24|0x0000000081800000, 0x0000000081800000, 0x0000000081900000|  0%| F|  |TAMS 0x0000000081800000| PB 0x0000000081800000| Untracked 
|  25|0x0000000081900000, 0x0000000081900000, 0x0000000081a00000|  0%| F|  |TAMS 0x0000000081900000| PB 0x0000000081900000| Untracked 
|  26|0x0000000081a00000, 0x0000000081a00000, 0x0000000081b00000|  0%| F|  |TAMS 0x0000000081a00000| PB 0x0000000081a00000| Untracked 
|  27|0x0000000081b00000, 0x0000000081b00000, 0x0000000081c00000|  0%| F|  |TAMS 0x0000000081b00000| PB 0x0000000081b00000| Untracked 
|  28|0x0000000081c00000, 0x0000000081c00000, 0x0000000081d00000|  0%| F|  |TAMS 0x0000000081c00000| PB 0x0000000081c00000| Untracked 
|  29|0x0000000081d00000, 0x0000000081d00000, 0x0000000081e00000|  0%| F|  |TAMS 0x0000000081d00000| PB 0x0000000081d00000| Untracked 
|  30|0x0000000081e00000, 0x0000000081e00000, 0x0000000081f00000|  0%| F|  |TAMS 0x0000000081e00000| PB 0x0000000081e00000| Untracked 
|  31|0x0000000081f00000, 0x0000000081f00000, 0x0000000082000000|  0%| F|  |TAMS 0x0000000081f00000| PB 0x0000000081f00000| Untracked 
|  32|0x0000000082000000, 0x0000000082000000, 0x0000000082100000|  0%| F|  |TAMS 0x0000000082000000| PB 0x0000000082000000| Untracked 
|  33|0x0000000082100000, 0x0000000082100000, 0x0000000082200000|  0%| F|  |TAMS 0x0000000082100000| PB 0x0000000082100000| Untracked 
|  34|0x0000000082200000, 0x0000000082200000, 0x0000000082300000|  0%| F|  |TAMS 0x0000000082200000| PB 0x0000000082200000| Untracked 
|  35|0x0000000082300000, 0x0000000082300000, 0x0000000082400000|  0%| F|  |TAMS 0x0000000082300000| PB 0x0000000082300000| Untracked 
|  36|0x0000000082400000, 0x0000000082400000, 0x0000000082500000|  0%| F|  |TAMS 0x0000000082400000| PB 0x0000000082400000| Untracked 
|  37|0x0000000082500000, 0x0000000082500000, 0x0000000082600000|  0%| F|  |TAMS 0x0000000082500000| PB 0x0000000082500000| Untracked 
|  38|0x0000000082600000, 0x0000000082600000, 0x0000000082700000|  0%| F|  |TAMS 0x0000000082600000| PB 0x0000000082600000| Untracked 
|  39|0x0000000082700000, 0x0000000082700000, 0x0000000082800000|  0%| F|  |TAMS 0x0000000082700000| PB 0x0000000082700000| Untracked 
|  40|0x0000000082800000, 0x0000000082800000, 0x0000000082900000|  0%| F|  |TAMS 0x0000000082800000| PB 0x0000000082800000| Untracked 
|  41|0x0000000082900000, 0x0000000082900000, 0x0000000082a00000|  0%| F|  |TAMS 0x0000000082900000| PB 0x0000000082900000| Untracked 
|  42|0x0000000082a00000, 0x0000000082a00000, 0x0000000082b00000|  0%| F|  |TAMS 0x0000000082a00000| PB 0x0000000082a00000| Untracked 
|  43|0x0000000082b00000, 0x0000000082b00000, 0x0000000082c00000|  0%| F|  |TAMS 0x0000000082b00000| PB 0x0000000082b00000| Untracked 
|  44|0x0000000082c00000, 0x0000000082c00000, 0x0000000082d00000|  0%| F|  |TAMS 0x0000000082c00000| PB 0x0000000082c00000| Untracked 
|  45|0x0000000082d00000, 0x0000000082d00000, 0x0000000082e00000|  0%| F|  |TAMS 0x0000000082d00000| PB 0x0000000082d00000| Untracked 
|  46|0x0000000082e00000, 0x0000000082e00000, 0x0000000082f00000|  0%| F|  |TAMS 0x0000000082e00000| PB 0x0000000082e00000| Untracked 
|  47|0x0000000082f00000, 0x0000000082f00000, 0x0000000083000000|  0%| F|  |TAMS 0x0000000082f00000| PB 0x0000000082f00000| Untracked 
|  48|0x0000000083000000, 0x0000000083000000, 0x0000000083100000|  0%| F|  |TAMS 0x0000000083000000| PB 0x0000000083000000| Untracked 
|  49|0x0000000083100000, 0x0000000083100000, 0x0000000083200000|  0%| F|  |TAMS 0x0000000083100000| PB 0x0000000083100000| Untracked 
|  50|0x0000000083200000, 0x0000000083200000, 0x0000000083300000|  0%| F|  |TAMS 0x0000000083200000| PB 0x0000000083200000| Untracked 
|  51|0x0000000083300000, 0x0000000083300000, 0x0000000083400000|  0%| F|  |TAMS 0x0000000083300000| PB 0x0000000083300000| Untracked 
|  52|0x0000000083400000, 0x0000000083400000, 0x0000000083500000|  0%| F|  |TAMS 0x0000000083400000| PB 0x0000000083400000| Untracked 
|  53|0x0000000083500000, 0x0000000083500000, 0x0000000083600000|  0%| F|  |TAMS 0x0000000083500000| PB 0x0000000083500000| Untracked 
|  54|0x0000000083600000, 0x0000000083600000, 0x0000000083700000|  0%| F|  |TAMS 0x0000000083600000| PB 0x0000000083600000| Untracked 
|  55|0x0000000083700000, 0x000000008377ba68, 0x0000000083800000| 48%| E|  |TAMS 0x0000000083700000| PB 0x0000000083700000| Complete 
|  56|0x0000000083800000, 0x0000000083900000, 0x0000000083900000|100%| E|CS|TAMS 0x0000000083800000| PB 0x0000000083800000| Complete 
|  57|0x0000000083900000, 0x0000000083a00000, 0x0000000083a00000|100%| E|CS|TAMS 0x0000000083900000| PB 0x0000000083900000| Complete 
|  58|0x0000000083a00000, 0x0000000083b00000, 0x0000000083b00000|100%| E|CS|TAMS 0x0000000083a00000| PB 0x0000000083a00000| Complete 
|  59|0x0000000083b00000, 0x0000000083c00000, 0x0000000083c00000|100%| E|CS|TAMS 0x0000000083b00000| PB 0x0000000083b00000| Complete 
|  60|0x0000000083c00000, 0x0000000083d00000, 0x0000000083d00000|100%| S|CS|TAMS 0x0000000083c00000| PB 0x0000000083c00000| Complete 
|  61|0x0000000083d00000, 0x0000000083e00000, 0x0000000083e00000|100%| S|CS|TAMS 0x0000000083d00000| PB 0x0000000083d00000| Complete 
|  62|0x0000000083e00000, 0x0000000083f00000, 0x0000000083f00000|100%| S|CS|TAMS 0x0000000083e00000| PB 0x0000000083e00000| Complete 
|  63|0x0000000083f00000, 0x0000000084000000, 0x0000000084000000|100%| S|CS|TAMS 0x0000000083f00000| PB 0x0000000083f00000| Complete 
|  64|0x0000000084000000, 0x0000000084100000, 0x0000000084100000|100%| S|CS|TAMS 0x0000000084000000| PB 0x0000000084000000| Complete 
|  65|0x0000000084100000, 0x0000000084200000, 0x0000000084200000|100%| S|CS|TAMS 0x0000000084100000| PB 0x0000000084100000| Complete 
|  66|0x0000000084200000, 0x0000000084300000, 0x0000000084300000|100%| S|CS|TAMS 0x0000000084200000| PB 0x0000000084200000| Complete 
|  67|0x0000000084300000, 0x0000000084400000, 0x0000000084400000|100%| S|CS|TAMS 0x0000000084300000| PB 0x0000000084300000| Complete 
|  68|0x0000000084400000, 0x0000000084500000, 0x0000000084500000|100%| S|CS|TAMS 0x0000000084400000| PB 0x0000000084400000| Complete 
|  69|0x0000000084500000, 0x0000000084600000, 0x0000000084600000|100%| S|CS|TAMS 0x0000000084500000| PB 0x0000000084500000| Complete 
|  70|0x0000000084600000, 0x00000000846edfc8, 0x0000000084700000| 92%| S|CS|TAMS 0x0000000084600000| PB 0x0000000084600000| Complete 
| 220|0x000000008dc00000, 0x000000008dd00000, 0x000000008dd00000|100%| E|CS|TAMS 0x000000008dc00000| PB 0x000000008dc00000| Complete 
| 221|0x000000008dd00000, 0x000000008de00000, 0x000000008de00000|100%| E|CS|TAMS 0x000000008dd00000| PB 0x000000008dd00000| Complete 
| 222|0x000000008de00000, 0x000000008df00000, 0x000000008df00000|100%| E|CS|TAMS 0x000000008de00000| PB 0x000000008de00000| Complete 
| 223|0x000000008df00000, 0x000000008e000000, 0x000000008e000000|100%| E|CS|TAMS 0x000000008df00000| PB 0x000000008df00000| Complete 
| 224|0x000000008e000000, 0x000000008e100000, 0x000000008e100000|100%| E|CS|TAMS 0x000000008e000000| PB 0x000000008e000000| Complete 
| 225|0x000000008e100000, 0x000000008e200000, 0x000000008e200000|100%| E|CS|TAMS 0x000000008e100000| PB 0x000000008e100000| Complete 
| 226|0x000000008e200000, 0x000000008e300000, 0x000000008e300000|100%| E|CS|TAMS 0x000000008e200000| PB 0x000000008e200000| Complete 
| 227|0x000000008e300000, 0x000000008e400000, 0x000000008e400000|100%| E|CS|TAMS 0x000000008e300000| PB 0x000000008e300000| Complete 
| 228|0x000000008e400000, 0x000000008e500000, 0x000000008e500000|100%| E|CS|TAMS 0x000000008e400000| PB 0x000000008e400000| Complete 
| 253|0x000000008fd00000, 0x000000008fe00000, 0x000000008fe00000|100%| E|CS|TAMS 0x000000008fd00000| PB 0x000000008fd00000| Complete 

Card table byte_map: [0x00000263d27b0000,0x00000263d2bb0000] _byte_map_base: 0x00000263d23b0000

Marking Bits: (CMBitMap*) 0x00000263bff86b20
 Bits: [0x00000263d2bb0000, 0x00000263d4bb0000)

Polling page: 0x00000263bdd30000

Metaspace:

Usage:
  Non-class:     26.43 MB used.
      Class:      3.93 MB used.
       Both:     30.37 MB used.

Virtual space:
  Non-class space:       64.00 MB reserved,      26.81 MB ( 42%) committed,  1 nodes.
      Class space:        1.00 GB reserved,       4.25 MB ( <1%) committed,  1 nodes.
             Both:        1.06 GB reserved,      31.06 MB (  3%) committed. 

Chunk freelists:
   Non-Class:  4.95 MB
       Class:  11.75 MB
        Both:  16.71 MB

MaxMetaspaceSize: unlimited
CompressedClassSpaceSize: 1.00 GB
Initial GC threshold: 21.00 MB
Current GC threshold: 35.31 MB
CDS: off
 - commit_granule_bytes: 65536.
 - commit_granule_words: 8192.
 - virtual_space_node_default_size: 8388608.
 - enlarge_chunks_in_place: 1.
 - use_allocation_guard: 0.


Internal statistics:

num_allocs_failed_limit: 3.
num_arena_births: 994.
num_arena_deaths: 0.
num_vsnodes_births: 2.
num_vsnodes_deaths: 0.
num_space_committed: 497.
num_space_uncommitted: 0.
num_chunks_returned_to_freelist: 3.
num_chunks_taken_from_freelist: 1887.
num_chunk_merges: 3.
num_chunk_splits: 1201.
num_chunks_enlarged: 795.
num_inconsistent_stats: 0.

CodeHeap 'non-profiled nmethods': size=120000Kb used=1686Kb max_used=1686Kb free=118313Kb
 bounds [0x00000263cab50000, 0x00000263cadc0000, 0x00000263d2080000]
CodeHeap 'profiled nmethods': size=120000Kb used=6143Kb max_used=6143Kb free=113856Kb
 bounds [0x00000263c3080000, 0x00000263c3680000, 0x00000263ca5b0000]
CodeHeap 'non-nmethods': size=5760Kb used=1475Kb max_used=1557Kb free=4284Kb
 bounds [0x00000263ca5b0000, 0x00000263ca820000, 0x00000263cab50000]
 total_blobs=3685 nmethods=3110 adapters=479
 compilation: enabled
              stopped_count=0, restarted_count=0
 full_count=0

Compilation events (20 events):
Event: 12.015 Thread 0x00000263d783ba50 nmethod 3092 0x00000263c3672010 code [0x00000263c36721c0, 0x00000263c3672398]
Event: 12.015 Thread 0x00000263d783ba50 3093       3       java.lang.reflect.Method::acquireMethodAccessor (55 bytes)
Event: 12.016 Thread 0x00000263d783ba50 nmethod 3093 0x00000263c3672490 code [0x00000263c36726a0, 0x00000263c3672c18]
Event: 12.022 Thread 0x00000263d783ba50 3096       3       java.lang.invoke.MethodHandles$Lookup::getDirectMethod (18 bytes)
Event: 12.022 Thread 0x00000263d783ba50 nmethod 3096 0x00000263c3672e10 code [0x00000263c3672fc0, 0x00000263c3673110]
Event: 12.042 Thread 0x00000263d783a6f0 3097       4       java.lang.Class::getPackageName (81 bytes)
Event: 12.043 Thread 0x00000263d783ba50 3098       3       jdk.internal.reflect.Reflection::filter (165 bytes)
Event: 12.043 Thread 0x00000263d783ba50 nmethod 3098 0x00000263c3673210 code [0x00000263c36734a0, 0x00000263c3674218]
Event: 12.045 Thread 0x00000263d783ba50 3099       3       java.lang.Module::canRead (86 bytes)
Event: 12.046 Thread 0x00000263d783ba50 nmethod 3099 0x00000263c3674610 code [0x00000263c3674a00, 0x00000263c36763e8]
Event: 12.046 Thread 0x00000263d783ba50 3102       3       org.objectweb.asm.Type::getTypeInternal (203 bytes)
Event: 12.047 Thread 0x00000263d783ba50 nmethod 3102 0x00000263c3676a90 code [0x00000263c3676de0, 0x00000263c3678060]
Event: 12.047 Thread 0x00000263d783ba50 3104       3       org.objectweb.asm.ByteVector::put122 (93 bytes)
Event: 12.048 Thread 0x00000263d783ba50 nmethod 3104 0x00000263c3678690 code [0x00000263c3678840, 0x00000263c3678ab8]
Event: 12.048 Thread 0x00000263d783ba50 3103       3       org.objectweb.asm.Frame::getConcreteOutputType (111 bytes)
Event: 12.048 Thread 0x00000263d783ba50 nmethod 3103 0x00000263c3678c90 code [0x00000263c3678e60, 0x00000263c36791f0]
Event: 12.048 Thread 0x00000263d783ba50 3100       3       java.util.ArrayList$ArrayListSpliterator::getFence (35 bytes)
Event: 12.048 Thread 0x00000263d783ba50 nmethod 3100 0x00000263c3679310 code [0x00000263c36794a0, 0x00000263c36795f0]
Event: 12.049 Thread 0x00000263d783ba50 3105       3       java.util.ArrayList::clear (43 bytes)
Event: 12.050 Thread 0x00000263d783ba50 nmethod 3105 0x00000263c3679690 code [0x00000263c3679840, 0x00000263c3679b98]

GC Heap History (10 events):
Event: 1.538 GC heap before
{Heap before GC invocations=0 (full 0):
 garbage-first heap   total 260096K, used 22528K [0x0000000080000000, 0x0000000100000000)
  region size 1024K, 23 young (23552K), 0 survivors (0K)
 Metaspace       used 7999K, committed 8128K, reserved 1114112K
  class space    used 712K, committed 768K, reserved 1048576K
}
Event: 1.558 GC heap after
{Heap after GC invocations=1 (full 0):
 garbage-first heap   total 260096K, used 3593K [0x0000000080000000, 0x0000000100000000)
  region size 1024K, 3 young (3072K), 3 survivors (3072K)
 Metaspace       used 7999K, committed 8128K, reserved 1114112K
  class space    used 712K, committed 768K, reserved 1048576K
}
Event: 2.851 GC heap before
{Heap before GC invocations=1 (full 0):
 garbage-first heap   total 260096K, used 40457K [0x0000000080000000, 0x0000000100000000)
  region size 1024K, 37 young (37888K), 3 survivors (3072K)
 Metaspace       used 12180K, committed 12416K, reserved 1114112K
  class space    used 1279K, committed 1408K, reserved 1048576K
}
Event: 2.855 GC heap after
{Heap after GC invocations=2 (full 0):
 garbage-first heap   total 260096K, used 11419K [0x0000000080000000, 0x0000000100000000)
  region size 1024K, 5 young (5120K), 5 survivors (5120K)
 Metaspace       used 12180K, committed 12416K, reserved 1114112K
  class space    used 1279K, committed 1408K, reserved 1048576K
}
Event: 4.072 GC heap before
{Heap before GC invocations=2 (full 0):
 garbage-first heap   total 260096K, used 61595K [0x0000000080000000, 0x0000000100000000)
  region size 1024K, 52 young (53248K), 5 survivors (5120K)
 Metaspace       used 14242K, committed 14592K, reserved 1114112K
  class space    used 1560K, committed 1728K, reserved 1048576K
}
Event: 4.078 GC heap after
{Heap after GC invocations=3 (full 0):
 garbage-first heap   total 260096K, used 17990K [0x0000000080000000, 0x0000000100000000)
  region size 1024K, 6 young (6144K), 6 survivors (6144K)
 Metaspace       used 14242K, committed 14592K, reserved 1114112K
  class space    used 1560K, committed 1728K, reserved 1048576K
}
Event: 5.434 GC heap before
{Heap before GC invocations=3 (full 0):
 garbage-first heap   total 260096K, used 42566K [0x0000000080000000, 0x0000000100000000)
  region size 1024K, 31 young (31744K), 6 survivors (6144K)
 Metaspace       used 21136K, committed 21504K, reserved 1114112K
  class space    used 2433K, committed 2624K, reserved 1048576K
}
Event: 5.440 GC heap after
{Heap after GC invocations=4 (full 0):
 garbage-first heap   total 260096K, used 20780K [0x0000000080000000, 0x0000000100000000)
  region size 1024K, 9 young (9216K), 9 survivors (9216K)
 Metaspace       used 21136K, committed 21504K, reserved 1114112K
  class space    used 2433K, committed 2624K, reserved 1048576K
}
Event: 10.921 GC heap before
{Heap before GC invocations=5 (full 0):
 garbage-first heap   total 71680K, used 69932K [0x0000000080000000, 0x0000000100000000)
  region size 1024K, 58 young (59392K), 9 survivors (9216K)
 Metaspace       used 29393K, committed 30016K, reserved 1114112K
  class space    used 3742K, committed 4032K, reserved 1048576K
}
Event: 10.928 GC heap after
{Heap after GC invocations=6 (full 0):
 garbage-first heap   total 82944K, used 23479K [0x0000000080000000, 0x0000000100000000)
  region size 1024K, 11 young (11264K), 11 survivors (11264K)
 Metaspace       used 29393K, committed 30016K, reserved 1114112K
  class space    used 3742K, committed 4032K, reserved 1048576K
}

Dll operation events (3 events):
Event: 0.031 Loaded shared library C:\Program Files\Android\Android Studio\jbr\bin\java.dll
Event: 0.064 Loaded shared library C:\Program Files\Android\Android Studio\jbr\bin\zip.dll
Event: 1.713 Loaded shared library C:\Program Files\Android\Android Studio\jbr\bin\verify.dll

Deoptimization events (20 events):
Event: 8.590 Thread 0x00000263dd9f8c50 DEOPT PACKING pc=0x00000263cabf0500 sp=0x000000db54dfb390
Event: 8.590 Thread 0x00000263dd9f8c50 DEOPT UNPACKING pc=0x00000263ca6046a2 sp=0x000000db54dfb360 mode 2
Event: 8.793 Thread 0x00000263dd9f8c50 Uncommon trap: trap_request=0xffffff45 fr.pc=0x00000263cab7ca14 relative=0x00000000000000f4
Event: 8.793 Thread 0x00000263dd9f8c50 Uncommon trap: reason=unstable_if action=reinterpret pc=0x00000263cab7ca14 method=java.util.HashMap.hash(Ljava/lang/Object;)I @ 1 c2
Event: 8.793 Thread 0x00000263dd9f8c50 DEOPT PACKING pc=0x00000263cab7ca14 sp=0x000000db54dfc3f0
Event: 8.793 Thread 0x00000263dd9f8c50 DEOPT UNPACKING pc=0x00000263ca6046a2 sp=0x000000db54dfc330 mode 2
Event: 9.114 Thread 0x00000263dd9f8c50 DEOPT PACKING pc=0x00000263c31710d9 sp=0x000000db54dfcfe0
Event: 9.114 Thread 0x00000263dd9f8c50 DEOPT UNPACKING pc=0x00000263ca604e42 sp=0x000000db54dfc478 mode 0
Event: 11.791 Thread 0x00000263dd9f8c50 Uncommon trap: trap_request=0xffffff45 fr.pc=0x00000263cacb4c9c relative=0x00000000000000fc
Event: 11.791 Thread 0x00000263dd9f8c50 Uncommon trap: reason=unstable_if action=reinterpret pc=0x00000263cacb4c9c method=java.util.Arrays.equals([Ljava/lang/Object;[Ljava/lang/Object;)Z @ 44 c2
Event: 11.791 Thread 0x00000263dd9f8c50 DEOPT PACKING pc=0x00000263cacb4c9c sp=0x000000db54dfb5b0
Event: 11.791 Thread 0x00000263dd9f8c50 DEOPT UNPACKING pc=0x00000263ca6046a2 sp=0x000000db54dfb550 mode 2
Event: 11.791 Thread 0x00000263dd9f8c50 Uncommon trap: trap_request=0xffffff45 fr.pc=0x00000263cace8148 relative=0x00000000000002e8
Event: 11.791 Thread 0x00000263dd9f8c50 Uncommon trap: reason=unstable_if action=reinterpret pc=0x00000263cace8148 method=java.util.HashMap.getNode(Ljava/lang/Object;)Ljava/util/HashMap$Node; @ 131 c2
Event: 11.791 Thread 0x00000263dd9f8c50 DEOPT PACKING pc=0x00000263cace8148 sp=0x000000db54dfb670
Event: 11.791 Thread 0x00000263dd9f8c50 DEOPT UNPACKING pc=0x00000263ca6046a2 sp=0x000000db54dfb5e0 mode 2
Event: 11.791 Thread 0x00000263dd9f8c50 Uncommon trap: trap_request=0xffffff45 fr.pc=0x00000263cace4454 relative=0x00000000000007b4
Event: 11.791 Thread 0x00000263dd9f8c50 Uncommon trap: reason=unstable_if action=reinterpret pc=0x00000263cace4454 method=java.util.HashMap.putVal(ILjava/lang/Object;Ljava/lang/Object;ZZ)Ljava/lang/Object; @ 206 c2
Event: 11.791 Thread 0x00000263dd9f8c50 DEOPT PACKING pc=0x00000263cace4454 sp=0x000000db54dfb5e0
Event: 11.791 Thread 0x00000263dd9f8c50 DEOPT UNPACKING pc=0x00000263ca6046a2 sp=0x000000db54dfb568 mode 2

Classes loaded (20 events):
Event: 10.002 Loading class java/io/ObjectOutput done
Event: 10.002 Loading class java/io/ObjectStreamConstants
Event: 10.002 Loading class java/io/ObjectStreamConstants done
Event: 10.002 Loading class java/io/ObjectOutputStream done
Event: 10.003 Loading class java/io/ObjectInputStream
Event: 10.004 Loading class java/io/ObjectInput
Event: 10.005 Loading class java/io/ObjectInput done
Event: 10.005 Loading class java/io/ObjectInputStream done
Event: 11.331 Loading class javax/xml/parsers/ParserConfigurationException
Event: 11.346 Loading class javax/xml/parsers/ParserConfigurationException done
Event: 11.346 Loading class org/xml/sax/SAXException
Event: 11.347 Loading class org/xml/sax/SAXException done
Event: 11.347 Loading class javax/xml/xpath/XPathExpressionException
Event: 11.348 Loading class javax/xml/xpath/XPathException
Event: 11.348 Loading class javax/xml/xpath/XPathException done
Event: 11.348 Loading class javax/xml/xpath/XPathExpressionException done
Event: 11.348 Loading class org/xml/sax/ErrorHandler
Event: 11.349 Loading class org/xml/sax/ErrorHandler done
Event: 11.899 Loading class java/lang/ThreadLocal$SuppliedThreadLocal
Event: 11.899 Loading class java/lang/ThreadLocal$SuppliedThreadLocal done

Classes unloaded (0 events):
No events

Classes redefined (0 events):
No events

Internal exceptions (20 events):
Event: 8.870 Thread 0x00000263dd9f8c50 Exception <a 'java/lang/NoSuchMethodError'{0x000000008200f3c8}: 'java.lang.Object java.lang.invoke.DelegatingMethodHandle$Holder.reinvoke_L(java.lang.Object, java.lang.Object, java.lang.Object, java.lang.Object, java.lang.Object, java.lang.Object, java.lang.Object, java.lang.Object, java.lang.Object, java.lang.Object, java.lang.Object, java.lang.Object, java.lang.Object, java.lang.Object, java.lang.Object, java.lang.Object, java.lang.Object, java.lang.Object, java.lang.Object, java.lang.Object, java.lang.O
Event: 8.877 Thread 0x00000263dd9f8c50 Exception <a 'java/lang/NoSuchMethodError'{0x000000008207cb98}: 'java.lang.Object java.lang.invoke.DirectMethodHandle$Holder.invokeStatic(java.lang.Object, java.lang.Object, java.lang.Object, java.lang.Object, java.lang.Object, java.lang.Object, java.lang.Object, java.lang.Object, java.lang.Object, java.lang.Object, java.lang.Object, java.lang.Object, java.lang.Object, java.lang.Object, java.lang.Object, java.lang.Object, java.lang.Object)'> (0x000000008207cb98) 
thrown [s\src\hotspot\share\interpreter\lin
Event: 8.880 Thread 0x00000263dd9f8c50 Exception <a 'java/lang/NoSuchMethodError'{0x00000000820a5c68}: 'java.lang.Object java.lang.invoke.DirectMethodHandle$Holder.invokeStatic(java.lang.Object, java.lang.Object, java.lang.Object, java.lang.Object, java.lang.Object, java.lang.Object, java.lang.Object, java.lang.Object, java.lang.Object, java.lang.Object, java.lang.Object, java.lang.Object, java.lang.Object, java.lang.Object, java.lang.Object, java.lang.Object, java.lang.Object, java.lang.Object)'> (0x00000000820a5c68) 
thrown [s\src\hotspot\sha
Event: 8.883 Thread 0x00000263dd9f8c50 Exception <a 'java/lang/NoSuchMethodError'{0x00000000820cfd30}: 'java.lang.Object java.lang.invoke.DirectMethodHandle$Holder.invokeStatic(java.lang.Object, java.lang.Object, java.lang.Object, java.lang.Object, java.lang.Object, java.lang.Object, java.lang.Object, java.lang.Object, java.lang.Object, java.lang.Object, java.lang.Object, java.lang.Object, java.lang.Object, java.lang.Object, java.lang.Object, java.lang.Object, java.lang.Object, java.lang.Object, java.lang.Object)'> (0x00000000820cfd30) 
thrown 
Event: 8.885 Thread 0x00000263dd9f8c50 Exception <a 'java/lang/NoSuchMethodError'{0x00000000820fb498}: 'java.lang.Object java.lang.invoke.DirectMethodHandle$Holder.invokeStatic(java.lang.Object, java.lang.Object, java.lang.Object, java.lang.Object, java.lang.Object, java.lang.Object, java.lang.Object, java.lang.Object, java.lang.Object, java.lang.Object, java.lang.Object, java.lang.Object, java.lang.Object, java.lang.Object, java.lang.Object, java.lang.Object, java.lang.Object, java.lang.Object, java.lang.Object, java.lang.Object)'> (0x00000000
Event: 8.888 Thread 0x00000263dd9f8c50 Exception <a 'java/lang/NoSuchMethodError'{0x0000000081f27e98}: 'java.lang.Object java.lang.invoke.DirectMethodHandle$Holder.invokeStatic(java.lang.Object, java.lang.Object, java.lang.Object, java.lang.Object, java.lang.Object, java.lang.Object, java.lang.Object, java.lang.Object, java.lang.Object, java.lang.Object, java.lang.Object, java.lang.Object, java.lang.Object, java.lang.Object, java.lang.Object, java.lang.Object, java.lang.Object, java.lang.Object, java.lang.Object, java.lang.Object, java.lang.Obj
Event: 8.892 Thread 0x00000263dd9f8c50 Exception <a 'java/lang/NoSuchMethodError'{0x0000000081f55678}: 'java.lang.Object java.lang.invoke.DirectMethodHandle$Holder.invokeStatic(java.lang.Object, java.lang.Object, java.lang.Object, java.lang.Object, java.lang.Object, java.lang.Object, java.lang.Object, java.lang.Object, java.lang.Object, java.lang.Object, java.lang.Object, java.lang.Object, java.lang.Object, java.lang.Object, java.lang.Object, java.lang.Object, java.lang.Object, java.lang.Object, java.lang.Object, java.lang.Object, java.lang.Obj
Event: 8.894 Thread 0x00000263dd9f8c50 Exception <a 'java/lang/NoSuchMethodError'{0x0000000081f83bf0}: 'java.lang.Object java.lang.invoke.DirectMethodHandle$Holder.invokeStatic(java.lang.Object, java.lang.Object, java.lang.Object, java.lang.Object, java.lang.Object, java.lang.Object, java.lang.Object, java.lang.Object, java.lang.Object, java.lang.Object, java.lang.Object, java.lang.Object, java.lang.Object, java.lang.Object, java.lang.Object, java.lang.Object, java.lang.Object, java.lang.Object, java.lang.Object, java.lang.Object, java.lang.Obj
Event: 8.896 Thread 0x00000263dd9f8c50 Exception <a 'java/lang/NoSuchMethodError'{0x0000000081fb2e58}: 'java.lang.Object java.lang.invoke.DirectMethodHandle$Holder.invokeStatic(java.lang.Object, java.lang.Object, java.lang.Object, java.lang.Object, java.lang.Object, java.lang.Object, java.lang.Object, java.lang.Object, java.lang.Object, java.lang.Object, java.lang.Object, java.lang.Object, java.lang.Object, java.lang.Object, java.lang.Object, java.lang.Object, java.lang.Object, java.lang.Object, java.lang.Object, java.lang.Object, java.lang.Obj
Event: 8.900 Thread 0x00000263dd9f8c50 Exception <a 'java/lang/NoSuchMethodError'{0x0000000081fe2c38}: 'java.lang.Object java.lang.invoke.DirectMethodHandle$Holder.invokeStatic(java.lang.Object, java.lang.Object, java.lang.Object, java.lang.Object, java.lang.Object, java.lang.Object, java.lang.Object, java.lang.Object, java.lang.Object, java.lang.Object, java.lang.Object, java.lang.Object, java.lang.Object, java.lang.Object, java.lang.Object, java.lang.Object, java.lang.Object, java.lang.Object, java.lang.Object, java.lang.Object, java.lang.Obj
Event: 8.903 Thread 0x00000263dd9f8c50 Exception <a 'java/lang/NoSuchMethodError'{0x0000000081e14840}: 'java.lang.Object java.lang.invoke.DirectMethodHandle$Holder.invokeStatic(java.lang.Object, java.lang.Object, java.lang.Object, java.lang.Object, java.lang.Object, java.lang.Object, java.lang.Object, java.lang.Object, java.lang.Object, java.lang.Object, java.lang.Object, java.lang.Object, java.lang.Object, java.lang.Object, java.lang.Object, java.lang.Object, java.lang.Object, java.lang.Object, java.lang.Object, java.lang.Object, java.lang.Obj
Event: 8.939 Thread 0x00000263dd9f8c50 Exception <a 'java/lang/IncompatibleClassChangeError'{0x0000000081d0d7f8}: Found class java.lang.Object, but interface was expected> (0x0000000081d0d7f8) 
thrown [s\src\hotspot\share\interpreter\linkResolver.cpp, line 851]
Event: 9.835 Thread 0x00000263dd9f8c50 Exception <a 'java/lang/IncompatibleClassChangeError'{0x000000008137d3c0}: Found class java.lang.Object, but interface was expected> (0x000000008137d3c0) 
thrown [s\src\hotspot\share\interpreter\linkResolver.cpp, line 851]
Event: 9.886 Thread 0x00000263dd9f8c50 Exception <a 'java/lang/NoSuchMethodError'{0x00000000813a68a8}: 'java.lang.Object java.lang.invoke.DirectMethodHandle$Holder.newInvokeSpecial(java.lang.Object, java.lang.Object, java.lang.Object, java.lang.Object, java.lang.Object, java.lang.Object, java.lang.Object, java.lang.Object, java.lang.Object, java.lang.Object)'> (0x00000000813a68a8) 
thrown [s\src\hotspot\share\interpreter\linkResolver.cpp, line 784]
Event: 10.014 Thread 0x00000263dd9f8c50 Exception <a 'java/lang/NoSuchMethodError'{0x00000000812b6d10}: 'java.lang.Object java.lang.invoke.DirectMethodHandle$Holder.newInvokeSpecial(java.lang.Object, java.lang.Object, java.lang.Object, java.lang.Object, java.lang.Object, java.lang.Object, java.lang.Object, java.lang.Object)'> (0x00000000812b6d10) 
thrown [s\src\hotspot\share\interpreter\linkResolver.cpp, line 784]
Event: 10.061 Thread 0x00000263dd9f8c50 Exception <a 'java/lang/NoSuchMethodError'{0x0000000081167cf8}: 'int java.lang.invoke.DirectMethodHandle$Holder.invokeStaticInit(java.lang.Object, java.lang.Object, java.lang.Object)'> (0x0000000081167cf8) 
thrown [s\src\hotspot\share\interpreter\linkResolver.cpp, line 784]
Event: 10.931 Thread 0x00000263dd9f8c50 Exception <a 'java/lang/NoSuchMethodError'{0x000000008fd08e48}: 'java.lang.Object java.lang.invoke.DirectMethodHandle$Holder.invokeVirtual(java.lang.Object, java.lang.Object, java.lang.Object, java.lang.Object, java.lang.Object, java.lang.Object, java.lang.Object, java.lang.Object, java.lang.Object, java.lang.Object, java.lang.Object, java.lang.Object, java.lang.Object, java.lang.Object, java.lang.Object, java.lang.Object, java.lang.Object, java.lang.Object, java.lang.Object, java.lang.Object, java.lang.Ob
Event: 10.940 Thread 0x00000263dd9f8c50 Exception <a 'java/lang/NoSuchMethodError'{0x000000008fd79820}: 'java.lang.Object java.lang.invoke.DirectMethodHandle$Holder.invokeSpecial(java.lang.Object, java.lang.Object, java.lang.Object, java.lang.Object, java.lang.Object, java.lang.Object, java.lang.Object, java.lang.Object, java.lang.Object, java.lang.Object, java.lang.Object, java.lang.Object, java.lang.Object, java.lang.Object, java.lang.Object, java.lang.Object, java.lang.Object, java.lang.Object, java.lang.Object, java.lang.Object, java.lang.Ob
Event: 11.858 Thread 0x00000263dd9f8c50 Exception <a 'java/lang/NoSuchMethodError'{0x0000000083b0ad00}: 'java.lang.Object java.lang.invoke.DirectMethodHandle$Holder.newInvokeSpecial(java.lang.Object, java.lang.Object, java.lang.Object, java.lang.Object, java.lang.Object, java.lang.Object, java.lang.Object)'> (0x0000000083b0ad00) 
thrown [s\src\hotspot\share\interpreter\linkResolver.cpp, line 784]
Event: 12.016 Thread 0x00000263dd9f8c50 Exception <a 'java/lang/NoSuchMethodError'{0x000000008390bd58}: 'java.lang.Object java.lang.invoke.DirectMethodHandle$Holder.invokeVirtual(java.lang.Object, java.lang.Object, java.lang.Object, java.lang.Object, java.lang.Object, java.lang.Object, java.lang.Object, java.lang.Object, java.lang.Object, java.lang.Object, java.lang.Object)'> (0x000000008390bd58) 
thrown [s\src\hotspot\share\interpreter\linkResolver.cpp, line 784]

ZGC Phase Switch (0 events):
No events

VM Operations (20 events):
Event: 5.433 Executing VM operation: CollectForMetadataAllocation (Metadata GC Threshold)
Event: 5.440 Executing VM operation: CollectForMetadataAllocation (Metadata GC Threshold) done
Event: 5.452 Executing VM operation: G1PauseRemark
Event: 5.455 Executing VM operation: G1PauseRemark done
Event: 5.457 Executing VM operation: G1PauseCleanup
Event: 5.457 Executing VM operation: G1PauseCleanup done
Event: 6.072 Executing VM operation: HandshakeAllThreads (Deoptimize)
Event: 6.072 Executing VM operation: HandshakeAllThreads (Deoptimize) done
Event: 7.080 Executing VM operation: Cleanup
Event: 7.080 Executing VM operation: Cleanup done
Event: 8.091 Executing VM operation: Cleanup
Event: 8.091 Executing VM operation: Cleanup done
Event: 8.921 Executing VM operation: HandshakeAllThreads (Deoptimize)
Event: 8.921 Executing VM operation: HandshakeAllThreads (Deoptimize) done
Event: 8.923 Executing VM operation: HandshakeAllThreads (Deoptimize)
Event: 8.923 Executing VM operation: HandshakeAllThreads (Deoptimize) done
Event: 9.925 Executing VM operation: Cleanup
Event: 9.940 Executing VM operation: Cleanup done
Event: 10.921 Executing VM operation: G1CollectForAllocation (G1 Evacuation Pause)
Event: 10.928 Executing VM operation: G1CollectForAllocation (G1 Evacuation Pause) done

Memory protections (0 events):
No events

Nmethod flushes (0 events):
No events

Events (20 events):
Event: 4.231 Loaded shared library C:\Program Files\Android\Android Studio\jbr\bin\management.dll
Event: 4.236 Loaded shared library C:\Program Files\Android\Android Studio\jbr\bin\management_ext.dll
Event: 4.309 Thread 0x00000263bff2ca70 Thread added: 0x00000263ddaf29a0
Event: 4.687 Thread 0x00000263dd8cc130 Thread exited: 0x00000263dd8cc130
Event: 4.829 Loaded shared library C:\Program Files\Android\Android Studio\jbr\bin\extnet.dll
Event: 4.945 Thread 0x00000263bff2ca70 Thread added: 0x00000263ddae40b0
Event: 5.072 Thread 0x00000263bff2ca70 Thread added: 0x00000263ddaf15c0
Event: 5.208 Thread 0x00000263ddae40b0 Thread added: 0x00000263ddc79af0
Event: 5.224 Thread 0x00000263ddc79af0 Thread added: 0x00000263ddc72f80
Event: 5.299 Thread 0x00000263ddc79af0 Thread added: 0x00000263dd9f85f0
Event: 5.310 Thread 0x00000263ddc79af0 Thread added: 0x00000263dd9f8c50
Event: 5.329 Thread 0x00000263dd9f8c50 Thread added: 0x00000263dd9f4940
Event: 5.335 Thread 0x00000263dd9f8c50 Thread added: 0x00000263dd940f00
Event: 5.337 Thread 0x00000263dd9f8c50 Thread added: 0x00000263dd942fd0
Event: 6.072 Thread 0x00000263dd9f8c50 Thread added: 0x00000263dd943660
Event: 6.089 Thread 0x00000263dd9f8c50 Thread added: 0x00000263dd940870
Event: 8.513 Thread 0x00000263dd9f8c50 Thread added: 0x00000263dd941c20
Event: 8.855 Thread 0x00000263d783ba50 Thread added: 0x00000263df3745a0
Event: 9.859 Thread 0x00000263df3745a0 Thread exited: 0x00000263df3745a0
Event: 11.188 Thread 0x00000263dd9f8c50 Thread added: 0x00000263dd943cf0


Dynamic libraries:
0x00007ff679650000 - 0x00007ff67965a000 	C:\Program Files\Android\Android Studio\jbr\bin\java.exe
0x00007ffbcbb10000 - 0x00007ffbcbd27000 	C:\WINDOWS\SYSTEM32\ntdll.dll
0x00007ffbc9dc0000 - 0x00007ffbc9e84000 	C:\WINDOWS\System32\KERNEL32.DLL
0x00007ffbc8c00000 - 0x00007ffbc8fd2000 	C:\WINDOWS\System32\KERNELBASE.dll
0x00007ffbc95d0000 - 0x00007ffbc96e1000 	C:\WINDOWS\System32\ucrtbase.dll
0x00007ffbafd60000 - 0x00007ffbafd78000 	C:\Program Files\Android\Android Studio\jbr\bin\jli.dll
0x00007ffbcb800000 - 0x00007ffbcb9b1000 	C:\WINDOWS\System32\USER32.dll
0x00007ffbc9290000 - 0x00007ffbc92b6000 	C:\WINDOWS\System32\win32u.dll
0x00007ffbcb1c0000 - 0x00007ffbcb1e9000 	C:\WINDOWS\System32\GDI32.dll
0x00007ffbc94a0000 - 0x00007ffbc95c3000 	C:\WINDOWS\System32\gdi32full.dll
0x00007ffbc9400000 - 0x00007ffbc949a000 	C:\WINDOWS\System32\msvcp_win.dll
0x00007ffbc3b50000 - 0x00007ffbc3b6b000 	C:\Program Files\Android\Android Studio\jbr\bin\VCRUNTIME140.dll
0x00007ffba47f0000 - 0x00007ffba4a8b000 	C:\WINDOWS\WinSxS\amd64_microsoft.windows.common-controls_6595b64144ccf1df_6.0.22621.5413_none_270da5617387a498\COMCTL32.dll
0x00007ffbc97a0000 - 0x00007ffbc9847000 	C:\WINDOWS\System32\msvcrt.dll
0x00007ffbc9ce0000 - 0x00007ffbc9d11000 	C:\WINDOWS\System32\IMM32.DLL
0x00007ffbc5730000 - 0x00007ffbc573c000 	C:\Program Files\Android\Android Studio\jbr\bin\vcruntime140_1.dll
0x00007ffb6eca0000 - 0x00007ffb6ed2d000 	C:\Program Files\Android\Android Studio\jbr\bin\msvcp140.dll
0x00007ffb260a0000 - 0x00007ffb26d2a000 	C:\Program Files\Android\Android Studio\jbr\bin\server\jvm.dll
0x00007ffbca190000 - 0x00007ffbca241000 	C:\WINDOWS\System32\ADVAPI32.dll
0x00007ffbca250000 - 0x00007ffbca2f8000 	C:\WINDOWS\System32\sechost.dll
0x00007ffbc96f0000 - 0x00007ffbc9718000 	C:\WINDOWS\System32\bcrypt.dll
0x00007ffbcb0a0000 - 0x00007ffbcb1b4000 	C:\WINDOWS\System32\RPCRT4.dll
0x00007ffbc9d20000 - 0x00007ffbc9d91000 	C:\WINDOWS\System32\WS2_32.dll
0x00007ffbc7a60000 - 0x00007ffbc7aad000 	C:\WINDOWS\SYSTEM32\POWRPROF.dll
0x00007ffbc0520000 - 0x00007ffbc0554000 	C:\WINDOWS\SYSTEM32\WINMM.dll
0x00007ffbbd180000 - 0x00007ffbbd18a000 	C:\WINDOWS\SYSTEM32\VERSION.dll
0x00007ffbc7a20000 - 0x00007ffbc7a33000 	C:\WINDOWS\SYSTEM32\UMPDC.dll
0x00007ffbc7ce0000 - 0x00007ffbc7cf8000 	C:\WINDOWS\SYSTEM32\kernel.appcore.dll
0x00007ffbc03c0000 - 0x00007ffbc03ca000 	C:\Program Files\Android\Android Studio\jbr\bin\jimage.dll
0x00007ffbc60b0000 - 0x00007ffbc62e2000 	C:\WINDOWS\SYSTEM32\DBGHELP.DLL
0x00007ffbcb310000 - 0x00007ffbcb6a3000 	C:\WINDOWS\System32\combase.dll
0x00007ffbcb720000 - 0x00007ffbcb7f7000 	C:\WINDOWS\System32\OLEAUT32.dll
0x00007ffbc04e0000 - 0x00007ffbc0512000 	C:\WINDOWS\SYSTEM32\dbgcore.DLL
0x00007ffbc9380000 - 0x00007ffbc93fb000 	C:\WINDOWS\System32\bcryptPrimitives.dll
0x00007ffb946d0000 - 0x00007ffb946de000 	C:\Program Files\Android\Android Studio\jbr\bin\instrument.dll
0x00007ffbba890000 - 0x00007ffbba8b0000 	C:\Program Files\Android\Android Studio\jbr\bin\java.dll
0x00007ffbaf0b0000 - 0x00007ffbaf0c8000 	C:\Program Files\Android\Android Studio\jbr\bin\zip.dll
0x00007ffbca300000 - 0x00007ffbcaba2000 	C:\WINDOWS\System32\SHELL32.dll
0x00007ffbc9150000 - 0x00007ffbc928f000 	C:\WINDOWS\System32\wintypes.dll
0x00007ffbc6af0000 - 0x00007ffbc740d000 	C:\WINDOWS\SYSTEM32\windows.storage.dll
0x00007ffbcb9c0000 - 0x00007ffbcbacb000 	C:\WINDOWS\System32\SHCORE.dll
0x00007ffbcb6b0000 - 0x00007ffbcb719000 	C:\WINDOWS\System32\shlwapi.dll
0x00007ffbc8b30000 - 0x00007ffbc8b5b000 	C:\WINDOWS\SYSTEM32\profapi.dll
0x00007ffbb0f00000 - 0x00007ffbb0f10000 	C:\Program Files\Android\Android Studio\jbr\bin\net.dll
0x00007ffbbf330000 - 0x00007ffbbf45c000 	C:\WINDOWS\SYSTEM32\WINHTTP.dll
0x00007ffbc8160000 - 0x00007ffbc81c9000 	C:\WINDOWS\system32\mswsock.dll
0x00007ffba0d00000 - 0x00007ffba0d16000 	C:\Program Files\Android\Android Studio\jbr\bin\nio.dll
0x00007ffb929d0000 - 0x00007ffb929e0000 	C:\Program Files\Android\Android Studio\jbr\bin\verify.dll
0x00007ffb633c0000 - 0x00007ffb633e7000 	C:\Users\diana\.gradle\native\c067742578af261105cb4f569cf0c3c89f3d7b1fecec35dd04571415982c5e48\windows-amd64\native-platform.dll
0x00007ffb1efe0000 - 0x00007ffb1f124000 	C:\Users\diana\.gradle\native\100fb08df4bc3b14c8652ba06237920a3bd2aa13389f12d3474272988ae205f9\windows-amd64\native-platform-file-events.dll
0x00007ffbaf1e0000 - 0x00007ffbaf1e9000 	C:\Program Files\Android\Android Studio\jbr\bin\management.dll
0x00007ffb9d100000 - 0x00007ffb9d10b000 	C:\Program Files\Android\Android Studio\jbr\bin\management_ext.dll
0x00007ffbc9f60000 - 0x00007ffbc9f68000 	C:\WINDOWS\System32\PSAPI.DLL
0x00007ffbc8380000 - 0x00007ffbc839b000 	C:\WINDOWS\SYSTEM32\CRYPTSP.dll
0x00007ffbc7c40000 - 0x00007ffbc7c77000 	C:\WINDOWS\system32\rsaenh.dll
0x00007ffbc8220000 - 0x00007ffbc8248000 	C:\WINDOWS\SYSTEM32\USERENV.dll
0x00007ffbc83a0000 - 0x00007ffbc83ac000 	C:\WINDOWS\SYSTEM32\CRYPTBASE.dll
0x00007ffbc7720000 - 0x00007ffbc774d000 	C:\WINDOWS\SYSTEM32\IPHLPAPI.DLL
0x00007ffbc9f50000 - 0x00007ffbc9f59000 	C:\WINDOWS\System32\NSI.dll
0x00007ffbafb90000 - 0x00007ffbafb99000 	C:\Program Files\Android\Android Studio\jbr\bin\extnet.dll
0x00007ffb85ef0000 - 0x00007ffb85ef8000 	C:\WINDOWS\system32\wshunix.dll

dbghelp: loaded successfully - version: 4.0.5 - missing functions: none
symbol engine: initialized successfully - sym options: 0x614 - pdb path: .;C:\Program Files\Android\Android Studio\jbr\bin;C:\WINDOWS\SYSTEM32;C:\WINDOWS\WinSxS\amd64_microsoft.windows.common-controls_6595b64144ccf1df_6.0.22621.5413_none_270da5617387a498;C:\Program Files\Android\Android Studio\jbr\bin\server;C:\Users\diana\.gradle\native\c067742578af261105cb4f569cf0c3c89f3d7b1fecec35dd04571415982c5e48\windows-amd64;C:\Users\diana\.gradle\native\100fb08df4bc3b14c8652ba06237920a3bd2aa13389f12d3474272988ae205f9\windows-amd64

VM Arguments:
jvm_args: --add-opens=java.base/java.lang=ALL-UNNAMED --add-opens=java.base/java.lang.invoke=ALL-UNNAMED --add-opens=java.base/java.util=ALL-UNNAMED --add-opens=java.prefs/java.util.prefs=ALL-UNNAMED --add-exports=jdk.compiler/com.sun.tools.javac.api=ALL-UNNAMED --add-exports=jdk.compiler/com.sun.tools.javac.util=ALL-UNNAMED --add-opens=java.base/java.util=ALL-UNNAMED --add-opens=java.prefs/java.util.prefs=ALL-UNNAMED --add-opens=java.base/java.nio.charset=ALL-UNNAMED --add-opens=java.base/java.net=ALL-UNNAMED --add-opens=java.base/java.util.concurrent.atomic=ALL-UNNAMED --add-opens=java.xml/javax.xml.namespace=ALL-UNNAMED -Xmx2048m -Dfile.encoding=UTF-8 -Duser.country=BR -Duser.language=pt -Duser.variant -javaagent:C:\Users\diana\.gradle\wrapper\dists\gradle-8.11.1-bin\bpt9gzteqjrbo1mjrsomdt32c\gradle-8.11.1\lib\agents\gradle-instrumentation-agent-8.11.1.jar 
java_command: org.gradle.launcher.daemon.bootstrap.GradleDaemon 8.11.1
java_class_path (initial): C:\Users\diana\.gradle\wrapper\dists\gradle-8.11.1-bin\bpt9gzteqjrbo1mjrsomdt32c\gradle-8.11.1\lib\gradle-daemon-main-8.11.1.jar
Launcher Type: SUN_STANDARD

[Global flags]
     intx CICompilerCount                          = 4                                         {product} {ergonomic}
     uint ConcGCThreads                            = 2                                         {product} {ergonomic}
     uint G1ConcRefinementThreads                  = 8                                         {product} {ergonomic}
   size_t G1HeapRegionSize                         = 1048576                                   {product} {ergonomic}
    uintx GCDrainStackTargetSize                   = 64                                        {product} {ergonomic}
   size_t InitialHeapSize                          = 266338304                                 {product} {ergonomic}
   size_t MarkStackSize                            = 4194304                                   {product} {ergonomic}
   size_t MaxHeapSize                              = 2147483648                                {product} {command line}
   size_t MaxNewSize                               = 1287651328                                {product} {ergonomic}
   size_t MinHeapDeltaBytes                        = 1048576                                   {product} {ergonomic}
   size_t MinHeapSize                              = 8388608                                   {product} {ergonomic}
    uintx NonNMethodCodeHeapSize                   = 5839372                                {pd product} {ergonomic}
    uintx NonProfiledCodeHeapSize                  = 122909434                              {pd product} {ergonomic}
    uintx ProfiledCodeHeapSize                     = 122909434                              {pd product} {ergonomic}
    uintx ReservedCodeCacheSize                    = 251658240                              {pd product} {ergonomic}
     bool SegmentedCodeCache                       = true                                      {product} {ergonomic}
   size_t SoftMaxHeapSize                          = 2147483648                             {manageable} {ergonomic}
     bool UseCompressedOops                        = true                           {product lp64_product} {ergonomic}
     bool UseG1GC                                  = true                                      {product} {ergonomic}
     bool UseLargePagesIndividualAllocation        = false                                  {pd product} {ergonomic}

Logging:
Log output configuration:
 #0: stdout all=warning uptime,level,tags foldmultilines=false
 #1: stderr all=off uptime,level,tags foldmultilines=false

Environment Variables:
PATH=C:\Program Files\Common Files\Oracle\Java\javapath;C:\Windows\system32;C:\Windows;C:\Windows\System32\Wbem;C:\Windows\System32\WindowsPowerShell\v1.0\;C:\Windows\System32\OpenSSH\;C:\Program Files (x86)\NVIDIA Corporation\PhysX\Common;C:\Program Files\NVIDIA Corporation\NVIDIA NvDLISR;C:\WINDOWS\system32;C:\WINDOWS;C:\WINDOWS\System32\Wbem;C:\WINDOWS\System32\WindowsPowerShell\v1.0\;C:\WINDOWS\System32\OpenSSH\;C:\Program Files\PostgreSQL\15\bin;C:\MinGW\bin;C:\Program Files\Microsoft SQL Server\150\Tools\Binn\;C:\Program Files\dotnet\;C:\Program Files\nodejs\;C:\xampp\php;C:\ProgramData\ComposerSetup\bin;C:\Program Files\Git\cmd;C:\Program Files\Docker\Docker\resources\bin;C:\Android\cmdline-tools\bin;C:\Program Files\Java\jdk-21\bin;C:\Users\diana\AppData\Local\Programs\oh-my-posh\bin\;C:\Users\diana\.config\herd-lite\bin;C:\Users\diana\AppData\Local\Microsoft\WindowsApps;C:\Users\diana\AppData\Local\Programs\Microsoft VS Code\bin;C:\Users\diana\AppData\Local\GitHubDesktop\bin;C:\Users\diana\AppData\Roaming\npm;C:\Users\diana\AppData\Roaming\Composer\vendor\bin;C:\Program Files (x86)\MongoDB Atlas CLI\
USERNAME=diana
OS=Windows_NT
PROCESSOR_IDENTIFIER=Intel64 Family 6 Model 165 Stepping 2, GenuineIntel
TMP=C:\Users\diana\AppData\Local\Temp
TEMP=C:\Users\diana\AppData\Local\Temp




Periodic native trim disabled

JNI global refs:
JNI global refs: 23, weak refs: 1

JNI global refs memory usage: 835, weak refs: 833

Process memory usage:
Resident Set Size: 189248K (1% of 16565952K total physical memory with 580676K free physical memory)

OOME stack traces (most recent first):
Classloader memory used:
Loader bootstrap                                                                       : 16598K
Loader org.gradle.internal.classloader.VisitableURLClassLoader                         : 12243K
Loader org.gradle.initialization.MixInLegacyTypesClassLoader                           : 1903K
Loader jdk.internal.loader.ClassLoaders$AppClassLoader                                 : 234K
Loader jdk.internal.loader.ClassLoaders$PlatformClassLoader                            : 145K

Classes loaded by more than one classloader:
Class org.gradle.internal.classloader.FilteringClassLoader                            : loaded 2 times (x 101B)
Class org.gradle.internal.classloader.ClassLoaderHierarchy                            : loaded 2 times (x 66B)
Class org.gradle.api.internal.classpath.ManifestUtil                                  : loaded 2 times (x 67B)
Class org.gradle.internal.classloader.DefaultClassLoaderFactory                       : loaded 2 times (x 78B)
Class org.gradle.internal.classloader.ClassLoaderVisitor                              : loaded 2 times (x 72B)
Class org.gradle.api.internal.classpath.EffectiveClassPath                            : loaded 2 times (x 86B)
Class org.gradle.api.internal.DefaultClassPathProvider                                : loaded 2 times (x 72B)
Class [Lorg.gradle.api.internal.ClassPathProvider;                                    : loaded 2 times (x 65B)
Class org.gradle.api.internal.ClassPathProvider                                       : loaded 2 times (x 66B)
Class org.gradle.internal.service.UnknownServiceException                             : loaded 2 times (x 79B)
Class org.gradle.internal.classpath.TransformedClassPath                              : loaded 2 times (x 92B)
Class org.gradle.internal.classloader.InstrumentingClassLoader                        : loaded 2 times (x 66B)
Class org.gradle.internal.service.ServiceLocator                                      : loaded 2 times (x 66B)
Class org.gradle.internal.InternalTransformer                                         : loaded 2 times (x 66B)
Class org.gradle.internal.classloader.ClasspathUtil$1                                 : loaded 2 times (x 72B)
Class org.gradle.api.internal.classpath.DefaultModuleRegistry$DefaultModule           : loaded 2 times (x 82B)
Class org.gradle.api.internal.classpath.Module                                        : loaded 2 times (x 66B)
Class org.gradle.api.internal.classpath.UnknownModuleException                        : loaded 2 times (x 78B)
Class org.gradle.api.internal.DefaultClassPathRegistry                                : loaded 2 times (x 72B)
Class org.gradle.api.internal.ClassPathRegistry                                       : loaded 2 times (x 66B)
Class org.gradle.internal.classpath.DefaultClassPath$ImmutableUniqueList              : loaded 2 times (x 195B)
Class org.gradle.internal.classpath.ClassPath                                         : loaded 2 times (x 66B)
Class org.gradle.api.UncheckedIOException                                             : loaded 2 times (x 78B)
Class org.gradle.internal.installation.GradleInstallation$1                           : loaded 2 times (x 71B)
Class org.gradle.api.internal.classpath.ModuleRegistry                                : loaded 2 times (x 66B)
Class org.gradle.api.internal.classpath.DefaultModuleRegistry                         : loaded 2 times (x 82B)
Class org.gradle.internal.service.ServiceLookupException                              : loaded 2 times (x 78B)
Class org.gradle.internal.classloader.ClassLoaderFactory                              : loaded 2 times (x 66B)
Class org.gradle.internal.service.CachingServiceLocator                               : loaded 2 times (x 78B)
Class org.gradle.internal.classloader.ClasspathUtil                                   : loaded 2 times (x 67B)
Class org.gradle.api.specs.Spec                                                       : loaded 2 times (x 66B)
Class org.gradle.internal.classloader.VisitableURLClassLoader$InstrumentingVisitableURLClassLoader: loaded 2 times (x 119B)
Class org.gradle.internal.classloader.VisitableURLClassLoader$Spec                    : loaded 2 times (x 70B)
Class org.gradle.internal.classpath.DefaultClassPath                                  : loaded 2 times (x 86B)
Class org.gradle.internal.classloader.ClassLoaderSpec                                 : loaded 2 times (x 67B)
Class org.gradle.internal.classloader.VisitableURLClassLoader                         : loaded 2 times (x 113B)
Class org.gradle.internal.Cast                                                        : loaded 2 times (x 67B)
Class org.gradle.api.Action                                                           : loaded 2 times (x 66B)
Class org.gradle.internal.classpath.DefaultClassPath$ImmutableUniqueList$Builder      : loaded 2 times (x 71B)
Class org.gradle.api.GradleException                                                  : loaded 2 times (x 78B)
Class org.gradle.internal.IoActions                                                   : loaded 2 times (x 67B)
Class org.gradle.internal.classloader.SystemClassLoaderSpec                           : loaded 2 times (x 67B)
Class org.gradle.api.internal.classpath.GlobalCacheRootsProvider                      : loaded 2 times (x 66B)
Class org.gradle.internal.installation.CurrentGradleInstallationLocator               : loaded 2 times (x 67B)
Class org.gradle.internal.service.DefaultServiceLocator                               : loaded 2 times (x 79B)
Class org.gradle.internal.installation.CurrentGradleInstallation                      : loaded 2 times (x 69B)
Class org.gradle.util.internal.GUtil                                                  : loaded 2 times (x 67B)
Class org.gradle.internal.installation.GradleInstallation                             : loaded 2 times (x 71B)

---------------  S Y S T E M  ---------------

OS:
 Windows 11 , 64 bit Build 22621 (10.0.22621.5413)
OS uptime: 1 days 5:27 hours
Hyper-V role detected

CPU: total 8 (initial active 8) (4 cores per cpu, 2 threads per core) family 6 model 165 stepping 2 microcode 0xfc, cx8, cmov, fxsr, ht, mmx, 3dnowpref, sse, sse2, sse3, ssse3, sse4.1, sse4.2, popcnt, lzcnt, tsc, tscinvbit, avx, avx2, aes, erms, clmul, bmi1, bmi2, adx, fma, vzeroupper, clflush, clflushopt, hv, rdtscp, f16c
Processor Information for all 8 processors :
  Max Mhz: 2496, Current Mhz: 2496, Mhz Limit: 2496

Memory: 4k page, system-wide physical 16177M (567M free)
TotalPageFile size 39952M (AvailPageFile size 16M)
current process WorkingSet (physical memory assigned to process): 185M, peak: 192M
current process commit charge ("private bytes"): 225M, peak: 381M

vm_info: OpenJDK 64-Bit Server VM (21.0.5+-13047016-b750.29) for windows-amd64 JRE (21.0.5+-13047016-b750.29), built on 2025-02-11T21:12:39Z by "builder" with MS VC++ 16.10 / 16.11 (VS2019)

END.
